<?xml version="1.0" encoding="UTF-8"?>
<!-- Generated by org.testng.reporters.JUnitReportReporter -->
<testsuite hostname="Prish_HP" failures="1" tests="4" name="com.tutorialsninja.demo.testsuite.MyAccountsTest" time="104.637" errors="1" timestamp="2023-12-11T20:32:44 GMT" skipped="0">
  <testcase classname="com.tutorialsninja.demo.testsuite.MyAccountsTest" name="verifyThatUserRegisterAccountSuccessfully" time="26.883">
    <failure message="account not created expected [Your Account Has Been Created!] but found [Register Account]" type="java.lang.AssertionError">
      <![CDATA[java.lang.AssertionError: account not created expected [Your Account Has Been Created!] but found [Register Account]
at org.testng.Assert.fail(Assert.java:111)
at org.testng.Assert.failNotEquals(Assert.java:1578)
at org.testng.Assert.assertEqualsImpl(Assert.java:150)
at org.testng.Assert.assertEquals(Assert.java:132)
at org.testng.Assert.assertEquals(Assert.java:656)
at com.tutorialsninja.demo.testsuite.MyAccountsTest.verifyThatUserRegisterAccountSuccessfully(MyAccountsTest.java:59)
at java.base/jdk.internal.reflect.NativeMethodAccessorImpl.invoke0(Native Method)
at java.base/jdk.internal.reflect.NativeMethodAccessorImpl.invoke(NativeMethodAccessorImpl.java:77)
at java.base/jdk.internal.reflect.DelegatingMethodAccessorImpl.invoke(DelegatingMethodAccessorImpl.java:43)
at java.base/java.lang.reflect.Method.invoke(Method.java:568)
at org.testng.internal.invokers.MethodInvocationHelper.invokeMethod(MethodInvocationHelper.java:139)
at org.testng.internal.invokers.TestInvoker.invokeMethod(TestInvoker.java:664)
at org.testng.internal.invokers.TestInvoker.invokeTestMethod(TestInvoker.java:227)
at org.testng.internal.invokers.MethodRunner.runInSequence(MethodRunner.java:50)
at org.testng.internal.invokers.TestInvoker$MethodInvocationAgent.invoke(TestInvoker.java:957)
at org.testng.internal.invokers.TestInvoker.invokeTestMethods(TestInvoker.java:200)
at org.testng.internal.invokers.TestMethodWorker.invokeTestMethods(TestMethodWorker.java:148)
at org.testng.internal.invokers.TestMethodWorker.run(TestMethodWorker.java:128)
at java.base/java.util.ArrayList.forEach(ArrayList.java:1511)
at org.testng.TestRunner.privateRun(TestRunner.java:848)
at org.testng.TestRunner.run(TestRunner.java:621)
at org.testng.SuiteRunner.runTest(SuiteRunner.java:443)
at org.testng.SuiteRunner.runSequentially(SuiteRunner.java:437)
at org.testng.SuiteRunner.privateRun(SuiteRunner.java:397)
at org.testng.SuiteRunner.run(SuiteRunner.java:336)
at org.testng.SuiteRunnerWorker.runSuite(SuiteRunnerWorker.java:52)
at org.testng.SuiteRunnerWorker.run(SuiteRunnerWorker.java:95)
at org.testng.TestNG.runSuitesSequentially(TestNG.java:1280)
at org.testng.TestNG.runSuitesLocally(TestNG.java:1200)
at org.testng.TestNG.runSuites(TestNG.java:1114)
at org.testng.TestNG.run(TestNG.java:1082)
at com.intellij.rt.testng.IDEARemoteTestNG.run(IDEARemoteTestNG.java:66)
at com.intellij.rt.testng.RemoteTestNGStarter.main(RemoteTestNGStarter.java:105)
]]>
    </failure>
    <system-out>
      <![CDATA[Clicking on my account [[ChromeDriver: chrome on windows (2db9fa6f8e15d2fa75d6cc5d2b172915)] -> xpath: //span[contains(text(),'My Account')]]
Enter first nameSnehato field [[ChromeDriver: chrome on windows (2db9fa6f8e15d2fa75d6cc5d2b172915)] -> name: firstname]
Enter last nameShahto field [[ChromeDriver: chrome on windows (2db9fa6f8e15d2fa75d6cc5d2b172915)] -> name: lastname]
Enter emailsneha123@gmail.comto email field [[ChromeDriver: chrome on windows (2db9fa6f8e15d2fa75d6cc5d2b172915)] -> name: email]
Enter telephone07564123785to field [[ChromeDriver: chrome on windows (2db9fa6f8e15d2fa75d6cc5d2b172915)] -> name: telephone]
Enter passwordshah123to field [[ChromeDriver: chrome on windows (2db9fa6f8e15d2fa75d6cc5d2b172915)] -> name: password]
Enter emailshah123to email field [[ChromeDriver: chrome on windows (2db9fa6f8e15d2fa75d6cc5d2b172915)] -> name: confirm]
Clicking on subscribe [[ChromeDriver: chrome on windows (2db9fa6f8e15d2fa75d6cc5d2b172915)] -> name: newsletter]
Clicking on privacy policy [[ChromeDriver: chrome on windows (2db9fa6f8e15d2fa75d6cc5d2b172915)] -> name: agree]
Clicking on continue [[ChromeDriver: chrome on windows (2db9fa6f8e15d2fa75d6cc5d2b172915)] -> xpath: //input[@type='submit']]
Getting account creation text [[ChromeDriver: chrome on windows (2db9fa6f8e15d2fa75d6cc5d2b172915)] -> xpath: //div[@id='content']/h1]]]>
    </system-out>
  </testcase> <!-- verifyThatUserRegisterAccountSuccessfully -->
  <testcase classname="com.tutorialsninja.demo.testsuite.MyAccountsTest" name="verifyUserShouldNavigateToRegisterPageSuccessfully" time="25.510">
    <system-out>
      <![CDATA[Clicking on my account [[ChromeDriver: chrome on windows (20dd0e4eb4c6adb762ed97de5c6f87a7)] -> xpath: //span[contains(text(),'My Account')]]
Getting register account text [[ChromeDriver: chrome on windows (20dd0e4eb4c6adb762ed97de5c6f87a7)] -> xpath: //h1[contains(text(),'Register Account')]]]]>
    </system-out>
  </testcase> <!-- verifyUserShouldNavigateToRegisterPageSuccessfully -->
  <testcase classname="com.tutorialsninja.demo.testsuite.MyAccountsTest" name="verifyThatUserShouldLoginAndLogoutSuccessfully" time="46.473">
    <error message="no such element: Unable to locate element: {&quot;method&quot;:&quot;xpath&quot;,&quot;selector&quot;:&quot;//div[@id=&#039;content&#039;]/h2[text()=&#039;My Account&#039;]&quot;}
  (Session info: chrome=119.0.6045.200)
For documentation on this error, please visit: https://www.selenium.dev/documentation/webdriver/troubleshooting/errors#no-such-element-exception
Build info: version: &#039;4.15.0&#039;, revision: &#039;1d14b5521b&#039;
System info: os.name: &#039;Windows 11&#039;, os.arch: &#039;amd64&#039;, os.version: &#039;10.0&#039;, java.version: &#039;17.0.8&#039;
Driver info: org.openqa.selenium.chrome.ChromeDriver
Command: [8cf24e4b54870ab399c16c0cbb4f8d06, findElement {using=xpath, value=//div[@id=&#039;content&#039;]/h2[text()=&#039;My Account&#039;]}]
Capabilities {acceptInsecureCerts: false, browserName: chrome, browserVersion: 119.0.6045.200, chrome: {chromedriverVersion: 119.0.6045.105 (38c72552c5e..., userDataDir: C:\Users\patel\AppData\Loca...}, fedcm:accounts: true, goog:chromeOptions: {debuggerAddress: localhost:61671}, networkConnectionEnabled: false, pageLoadStrategy: normal, platformName: windows, proxy: Proxy(), se:cdp: ws://localhost:61671/devtoo..., se:cdpVersion: 119.0.6045.200, setWindowRect: true, strictFileInteractability: false, timeouts: {implicit: 0, pageLoad: 300000, script: 30000}, unhandledPromptBehavior: dismiss and notify, webauthn:extension:credBlob: true, webauthn:extension:largeBlob: true, webauthn:extension:minPinLength: true, webauthn:extension:prf: true, webauthn:virtualAuthenticators: true}
Session ID: 8cf24e4b54870ab399c16c0cbb4f8d06" type="org.openqa.selenium.NoSuchElementException">
      <![CDATA[org.openqa.selenium.NoSuchElementException: no such element: Unable to locate element: {"method":"xpath","selector":"//div[@id='content']/h2[text()='My Account']"}
  (Session info: chrome=119.0.6045.200)
For documentation on this error, please visit: https://www.selenium.dev/documentation/webdriver/troubleshooting/errors#no-such-element-exception
Build info: version: '4.15.0', revision: '1d14b5521b'
System info: os.name: 'Windows 11', os.arch: 'amd64', os.version: '10.0', java.version: '17.0.8'
Driver info: org.openqa.selenium.chrome.ChromeDriver
Command: [8cf24e4b54870ab399c16c0cbb4f8d06, findElement {using=xpath, value=//div[@id='content']/h2[text()='My Account']}]
Capabilities {acceptInsecureCerts: false, browserName: chrome, browserVersion: 119.0.6045.200, chrome: {chromedriverVersion: 119.0.6045.105 (38c72552c5e..., userDataDir: C:\Users\patel\AppData\Loca...}, fedcm:accounts: true, goog:chromeOptions: {debuggerAddress: localhost:61671}, networkConnectionEnabled: false, pageLoadStrategy: normal, platformName: windows, proxy: Proxy(), se:cdp: ws://localhost:61671/devtoo..., se:cdpVersion: 119.0.6045.200, setWindowRect: true, strictFileInteractability: false, timeouts: {implicit: 0, pageLoad: 300000, script: 30000}, unhandledPromptBehavior: dismiss and notify, webauthn:extension:credBlob: true, webauthn:extension:largeBlob: true, webauthn:extension:minPinLength: true, webauthn:extension:prf: true, webauthn:virtualAuthenticators: true}
Session ID: 8cf24e4b54870ab399c16c0cbb4f8d06
at java.base/jdk.internal.reflect.NativeConstructorAccessorImpl.newInstance0(Native Method)
at java.base/jdk.internal.reflect.NativeConstructorAccessorImpl.newInstance(NativeConstructorAccessorImpl.java:77)
at java.base/jdk.internal.reflect.DelegatingConstructorAccessorImpl.newInstance(DelegatingConstructorAccessorImpl.java:45)
at java.base/java.lang.reflect.Constructor.newInstanceWithCaller(Constructor.java:499)
at java.base/java.lang.reflect.Constructor.newInstance(Constructor.java:480)
at org.openqa.selenium.remote.codec.w3c.W3CHttpResponseCodec.createException(W3CHttpResponseCodec.java:200)
at org.openqa.selenium.remote.codec.w3c.W3CHttpResponseCodec.decode(W3CHttpResponseCodec.java:133)
at org.openqa.selenium.remote.codec.w3c.W3CHttpResponseCodec.decode(W3CHttpResponseCodec.java:52)
at org.openqa.selenium.remote.HttpCommandExecutor.execute(HttpCommandExecutor.java:191)
at org.openqa.selenium.remote.service.DriverCommandExecutor.invokeExecute(DriverCommandExecutor.java:200)
at org.openqa.selenium.remote.service.DriverCommandExecutor.execute(DriverCommandExecutor.java:175)
at org.openqa.selenium.remote.RemoteWebDriver.execute(RemoteWebDriver.java:607)
at org.openqa.selenium.remote.ElementLocation$ElementFinder$2.findElement(ElementLocation.java:165)
at org.openqa.selenium.remote.ElementLocation.findElement(ElementLocation.java:59)
at org.openqa.selenium.remote.RemoteWebDriver.findElement(RemoteWebDriver.java:364)
at org.openqa.selenium.remote.RemoteWebDriver.findElement(RemoteWebDriver.java:358)
at org.openqa.selenium.support.pagefactory.DefaultElementLocator.findElement(DefaultElementLocator.java:68)
at org.openqa.selenium.support.pagefactory.internal.LocatingElementHandler.invoke(LocatingElementHandler.java:38)
at jdk.proxy2/jdk.proxy2.$Proxy16.getText(Unknown Source)
at com.tutorialsninja.demo.utility.Utility.getTextFromElement(Utility.java:78)
at com.tutorialsninja.demo.pages.MyAccountPage.getMyAccountText(MyAccountPage.java:56)
at com.tutorialsninja.demo.testsuite.MyAccountsTest.verifyThatUserShouldLoginAndLogoutSuccessfully(MyAccountsTest.java:74)
at java.base/jdk.internal.reflect.NativeMethodAccessorImpl.invoke0(Native Method)
at java.base/jdk.internal.reflect.NativeMethodAccessorImpl.invoke(NativeMethodAccessorImpl.java:77)
at java.base/jdk.internal.reflect.DelegatingMethodAccessorImpl.invoke(DelegatingMethodAccessorImpl.java:43)
at java.base/java.lang.reflect.Method.invoke(Method.java:568)
at org.testng.internal.invokers.MethodInvocationHelper.invokeMethod(MethodInvocationHelper.java:139)
at org.testng.internal.invokers.TestInvoker.invokeMethod(TestInvoker.java:664)
at org.testng.internal.invokers.TestInvoker.invokeTestMethod(TestInvoker.java:227)
at org.testng.internal.invokers.MethodRunner.runInSequence(MethodRunner.java:50)
at org.testng.internal.invokers.TestInvoker$MethodInvocationAgent.invoke(TestInvoker.java:957)
at org.testng.internal.invokers.TestInvoker.invokeTestMethods(TestInvoker.java:200)
at org.testng.internal.invokers.TestMethodWorker.invokeTestMethods(TestMethodWorker.java:148)
at org.testng.internal.invokers.TestMethodWorker.run(TestMethodWorker.java:128)
at java.base/java.util.ArrayList.forEach(ArrayList.java:1511)
at org.testng.TestRunner.privateRun(TestRunner.java:848)
at org.testng.TestRunner.run(TestRunner.java:621)
at org.testng.SuiteRunner.runTest(SuiteRunner.java:443)
at org.testng.SuiteRunner.runSequentially(SuiteRunner.java:437)
at org.testng.SuiteRunner.privateRun(SuiteRunner.java:397)
at org.testng.SuiteRunner.run(SuiteRunner.java:336)
at org.testng.SuiteRunnerWorker.runSuite(SuiteRunnerWorker.java:52)
at org.testng.SuiteRunnerWorker.run(SuiteRunnerWorker.java:95)
at org.testng.TestNG.runSuitesSequentially(TestNG.java:1280)
at org.testng.TestNG.runSuitesLocally(TestNG.java:1200)
at org.testng.TestNG.runSuites(TestNG.java:1114)
at org.testng.TestNG.run(TestNG.java:1082)
at com.intellij.rt.testng.IDEARemoteTestNG.run(IDEARemoteTestNG.java:66)
at com.intellij.rt.testng.RemoteTestNGStarter.main(RemoteTestNGStarter.java:105)
]]>
    </error>
    <system-out>
      <![CDATA[Clicking on my account [[ChromeDriver: chrome on windows (8cf24e4b54870ab399c16c0cbb4f8d06)] -> xpath: //span[contains(text(),'My Account')]]
Enter emailsneha123@gmail.comto  field [[ChromeDriver: chrome on windows (8cf24e4b54870ab399c16c0cbb4f8d06)] -> name: email]
Enter passwordshah123to field [[ChromeDriver: chrome on windows (8cf24e4b54870ab399c16c0cbb4f8d06)] -> name: password]
Clicking on Login Button [[ChromeDriver: chrome on windows (8cf24e4b54870ab399c16c0cbb4f8d06)] -> xpath: //input[@value='Login']]
Getting my account text Proxy element for: DefaultElementLocator 'By.xpath: //div[@id='content']/h2[text()='My Account']']]>
    </system-out>
  </testcase> <!-- verifyThatUserShouldLoginAndLogoutSuccessfully -->
  <testcase classname="com.tutorialsninja.demo.testsuite.MyAccountsTest" name="verifyUserShouldNavigateToLoginPageSuccessfully" time="5.771">
    <system-out>
      <![CDATA[Clicking on my account [[ChromeDriver: chrome on windows (6963d31877e0500a9833b26802c04244)] -> xpath: //span[contains(text(),'My Account')]]
Getting login account text [[ChromeDriver: chrome on windows (6963d31877e0500a9833b26802c04244)] -> xpath: //h2[contains(text(),'Returning Customer')]]]]>
    </system-out>
  </testcase> <!-- verifyUserShouldNavigateToLoginPageSuccessfully -->
  <system-out>
    <![CDATA[Clicking on Show all Desktops[[ChromeDriver: chrome on windows (9e1f15bf63221c2e7617d81da1821f59)] -> xpath: //a[normalize-space()='Show AllDesktops']]
select A to Zfrom[[ChromeDriver: chrome on windows (9e1f15bf63221c2e7617d81da1821f59)] -> id: input-sort]
Clicking on product HPLP3065 [[ChromeDriver: chrome on windows (9e1f15bf63221c2e7617d81da1821f59)] -> xpath: //a[contains(text(),'HP LP3065')]]
Getting HPLP3065 text [[ChromeDriver: chrome on windows (9e1f15bf63221c2e7617d81da1821f59)] -> xpath: //h1[contains(text(),'HP LP3065')]]
clearing current quantity and adding the specified amount
Clicking on add to cart Button [[ChromeDriver: chrome on windows (9e1f15bf63221c2e7617d81da1821f59)] -> xpath: //button[@id='button-cart']]
Verifying if success message contains Success: You have added HP LP3065 to your shopping cart!
Clicking on shopping cart [[ChromeDriver: chrome on windows (9e1f15bf63221c2e7617d81da1821f59)] -> xpath: //div[@class='alert alert-success alert-dismissible']/a[2]]
Verifying if success message contains Shopping Cart
Verifying if success message contains 2022-11-30
Hovering and Clicking on desktop [[ChromeDriver: chrome on windows (3d4d8867f6b8133e9f22e2db67661fb8)] -> link text: Desktops]
Clicking on Show all Desktops[[ChromeDriver: chrome on windows (3d4d8867f6b8133e9f22e2db67661fb8)] -> xpath: //a[normalize-space()='Show AllDesktops']]
Clicking on sort by button [[ChromeDriver: chrome on windows (3d4d8867f6b8133e9f22e2db67661fb8)] -> id: input-sort]
selectName (Z - A)from[[ChromeDriver: chrome on windows (3d4d8867f6b8133e9f22e2db67661fb8)] -> id: input-sort]
Hovering and Clicking on laptops and notebooks [[ChromeDriver: chrome on windows (fa1e2c13aa80faae1c10e1be903de85f)] -> link text: Laptops & Notebooks]
Clicking on Show all Desktops[[ChromeDriver: chrome on windows (fa1e2c13aa80faae1c10e1be903de85f)] -> xpath: //a[normalize-space()='Show AllLaptops & Notebooks']]
selecting Price (High > Low)
Clicking on Show all Desktops[[ChromeDriver: chrome on windows (ee3bcec7d80c05a8cad70f8e73995c5b)] -> xpath: //a[normalize-space()='Show AllLaptops & Notebooks']]
Clicking on my account [[ChromeDriver: chrome on windows (2db9fa6f8e15d2fa75d6cc5d2b172915)] -> xpath: //span[contains(text(),'My Account')]]
Enter first nameSnehato field [[ChromeDriver: chrome on windows (2db9fa6f8e15d2fa75d6cc5d2b172915)] -> name: firstname]
Enter last nameShahto field [[ChromeDriver: chrome on windows (2db9fa6f8e15d2fa75d6cc5d2b172915)] -> name: lastname]
Enter emailsneha123@gmail.comto email field [[ChromeDriver: chrome on windows (2db9fa6f8e15d2fa75d6cc5d2b172915)] -> name: email]
Enter telephone07564123785to field [[ChromeDriver: chrome on windows (2db9fa6f8e15d2fa75d6cc5d2b172915)] -> name: telephone]
Enter passwordshah123to field [[ChromeDriver: chrome on windows (2db9fa6f8e15d2fa75d6cc5d2b172915)] -> name: password]
Enter emailshah123to email field [[ChromeDriver: chrome on windows (2db9fa6f8e15d2fa75d6cc5d2b172915)] -> name: confirm]
Clicking on subscribe [[ChromeDriver: chrome on windows (2db9fa6f8e15d2fa75d6cc5d2b172915)] -> name: newsletter]
Clicking on privacy policy [[ChromeDriver: chrome on windows (2db9fa6f8e15d2fa75d6cc5d2b172915)] -> name: agree]
Clicking on continue [[ChromeDriver: chrome on windows (2db9fa6f8e15d2fa75d6cc5d2b172915)] -> xpath: //input[@type='submit']]
Getting account creation text [[ChromeDriver: chrome on windows (2db9fa6f8e15d2fa75d6cc5d2b172915)] -> xpath: //div[@id='content']/h1]
Clicking on my account [[ChromeDriver: chrome on windows (8cf24e4b54870ab399c16c0cbb4f8d06)] -> xpath: //span[contains(text(),'My Account')]]
Enter emailsneha123@gmail.comto  field [[ChromeDriver: chrome on windows (8cf24e4b54870ab399c16c0cbb4f8d06)] -> name: email]
Enter passwordshah123to field [[ChromeDriver: chrome on windows (8cf24e4b54870ab399c16c0cbb4f8d06)] -> name: password]
Clicking on Login Button [[ChromeDriver: chrome on windows (8cf24e4b54870ab399c16c0cbb4f8d06)] -> xpath: //input[@value='Login']]
Getting my account text Proxy element for: DefaultElementLocator 'By.xpath: //div[@id='content']/h2[text()='My Account']'
Clicking on my account [[ChromeDriver: chrome on windows (6963d31877e0500a9833b26802c04244)] -> xpath: //span[contains(text(),'My Account')]]
Getting login account text [[ChromeDriver: chrome on windows (6963d31877e0500a9833b26802c04244)] -> xpath: //h2[contains(text(),'Returning Customer')]]
Clicking on my account [[ChromeDriver: chrome on windows (20dd0e4eb4c6adb762ed97de5c6f87a7)] -> xpath: //span[contains(text(),'My Account')]]
Getting register account text [[ChromeDriver: chrome on windows (20dd0e4eb4c6adb762ed97de5c6f87a7)] -> xpath: //h1[contains(text(),'Register Account')]]
Hovering and Clicking on components [[ChromeDriver: chrome on windows (16d8cb8b343d51dd1a5be2e122df4d78)] -> link text: Components]
Clicking on Show all Desktops[[ChromeDriver: chrome on windows (16d8cb8b343d51dd1a5be2e122df4d78)] -> xpath: //a[normalize-space()='Show AllComponents']]
Getting components text [[ChromeDriver: chrome on windows (16d8cb8b343d51dd1a5be2e122df4d78)] -> xpath: //h2[contains(text(),'Components')]]
Hovering and Clicking on desktop [[ChromeDriver: chrome on windows (a8fb44e52b11b811474f7cf021efb09a)] -> link text: Desktops]
Clicking on Show all Desktops[[ChromeDriver: chrome on windows (a8fb44e52b11b811474f7cf021efb09a)] -> xpath: //a[normalize-space()='Show AllDesktops']]
Getting desktop text [[ChromeDriver: chrome on windows (a8fb44e52b11b811474f7cf021efb09a)] -> xpath: //h2[contains(text(),'Desktops')]]
Hovering and Clicking on laptops and notebooks [[ChromeDriver: chrome on windows (010ba0cd3785b7a1628a3e876b791a3a)] -> link text: Laptops & Notebooks]
Clicking on Show all Desktops[[ChromeDriver: chrome on windows (010ba0cd3785b7a1628a3e876b791a3a)] -> xpath: //a[normalize-space()='Show AllLaptops & Notebooks']]]]>
  </system-out>
</testsuite> <!-- com.tutorialsninja.demo.testsuite.MyAccountsTest -->
